<html>
<head>
<title>TestNG:  Test</title>
<link href="../testng.css" rel="stylesheet" type="text/css" />
<link href="../my-testng.css" rel="stylesheet" type="text/css" />

<style type="text/css">
.log { display: none;} 
.stack-trace { display: none;} 
</style>
<script type="text/javascript">
<!--
function flip(e) {
  current = e.style.display;
  if (current == 'block') {
    e.style.display = 'none';
    return 0;
  }
  else {
    e.style.display = 'block';
    return 1;
  }
}

function toggleBox(szDivId, elem, msg1, msg2)
{
  var res = -1;  if (document.getElementById) {
    res = flip(document.getElementById(szDivId));
  }
  else if (document.all) {
    // this is the way old msie versions work
    res = flip(document.all[szDivId]);
  }
  if(elem) {
    if(res == 0) elem.innerHTML = msg1; else elem.innerHTML = msg2;
  }

}

function toggleAllBoxes() {
  if (document.getElementsByTagName) {
    d = document.getElementsByTagName('div');
    for (i = 0; i < d.length; i++) {
      if (d[i].className == 'log') {
        flip(d[i]);
      }
    }
  }
}

// -->
</script>

</head>
<body>
<h2 align='center'>Test</h2><table border='1' align="center">
<tr>
<td>Tests passed/Failed/Skipped:</td><td>0/5/0</td>
</tr><tr>
<td>Started on:</td><td>Tue Sep 21 21:37:35 IST 2021</td>
</tr>
<tr><td>Total time:</td><td>2 seconds (2206 ms)</td>
</tr><tr>
<td>Included groups:</td><td></td>
</tr><tr>
<td>Excluded groups:</td><td></td>
</tr>
</table><p/>
<small><i>(Hover the method name to see the test class name)</i></small><p/>
<table width='100%' border='1' class='invocation-failed'>
<tr><td colspan='4' align='center'><b>FAILED TESTS</b></td></tr>
<tr><td><b>Test method</b></td>
<td width="30%"><b>Exception</b></td>
<td width="10%"><b>Time (seconds)</b></td>
<td><b>Instance</b></td>
</tr>
<tr>
<td title='com.accenture.APITestingFrameWork.testCases.CreateCustomerWithAllInOneSheetHashTable.ValidingCustomerWithValidSecrectkey()'><b>ValidingCustomerWithValidSecrectkey</b><br>Test class: com.accenture.APITestingFrameWork.testCases.CreateCustomerWithAllInOneSheetHashTable<br>Parameters: {state=MA, name=Lia, preferred_locales2=Spanish, preferred_locales1=Englisth, phone=123456, email=Lia.german@gmail.com, line2=Street1, description=This is thru dp1, line1=5-4-60/1}</td>
<td><div><pre>java.lang.AssertionError: Name key is not present in the Json expected [true] but found [false]
	at com.accenture.APITestingFrameWork.testCases.CreateCustomerWithAllInOneSheetHashTable.ValidingCustomerWithValidSecrectkey(CreateCustomerWithAllInOneSheetHashTable.java:39)
	at java.util.concurrent.FutureTask.run(Unknown Source)
	at java.util.concurrent.Executors$RunnableAdapter.call(Unknown Source)
	at java.util.concurrent.FutureTask.run(Unknown Source)
	at java.util.concurrent.ThreadPoolExecutor.runWorker(Unknown Source)
	at java.util.concurrent.ThreadPoolExecutor$Worker.run(Unknown Source)
	at java.lang.Thread.run(Unknown Source)
... Removed 12 stack frames</pre></div><a href='#' onClick='toggleBox("stack-trace1909455807", this, "Click to show all stack frames", "Click to hide stack frames")'>Click to show all stack frames</a>
<div class='stack-trace' id='stack-trace1909455807'><pre>java.lang.AssertionError: Name key is not present in the Json expected [true] but found [false]
	at org.testng.Assert.fail(Assert.java:99)
	at org.testng.Assert.failNotEquals(Assert.java:1037)
	at org.testng.Assert.assertTrue(Assert.java:45)
	at com.accenture.APITestingFrameWork.testCases.CreateCustomerWithAllInOneSheetHashTable.ValidingCustomerWithValidSecrectkey(CreateCustomerWithAllInOneSheetHashTable.java:39)
	at sun.reflect.NativeMethodAccessorImpl.invoke0(Native Method)
	at sun.reflect.NativeMethodAccessorImpl.invoke(Unknown Source)
	at sun.reflect.DelegatingMethodAccessorImpl.invoke(Unknown Source)
	at java.lang.reflect.Method.invoke(Unknown Source)
	at org.testng.internal.MethodInvocationHelper.invokeMethod(MethodInvocationHelper.java:133)
	at org.testng.internal.TestInvoker.invokeMethod(TestInvoker.java:598)
	at org.testng.internal.TestInvoker.invokeTestMethod(TestInvoker.java:173)
	at org.testng.internal.TestMethodWithDataProviderMethodWorker.call(TestMethodWithDataProviderMethodWorker.java:77)
	at org.testng.internal.TestMethodWithDataProviderMethodWorker.call(TestMethodWithDataProviderMethodWorker.java:15)
	at java.util.concurrent.FutureTask.run(Unknown Source)
	at java.util.concurrent.Executors$RunnableAdapter.call(Unknown Source)
	at java.util.concurrent.FutureTask.run(Unknown Source)
	at java.util.concurrent.ThreadPoolExecutor.runWorker(Unknown Source)
	at java.util.concurrent.ThreadPoolExecutor$Worker.run(Unknown Source)
	at java.lang.Thread.run(Unknown Source)
</pre></div></td>
<td>2</td>
<td>com.accenture.APITestingFrameWork.testCases.CreateCustomerWithAllInOneSheetHashTable@428640fa</td></tr>
<tr>
<td title='com.accenture.APITestingFrameWork.testCases.CreateCustomerWithAllInOneSheetHashTable.ValidingCustomerWithValidSecrectkey()'><b>ValidingCustomerWithValidSecrectkey</b><br>Test class: com.accenture.APITestingFrameWork.testCases.CreateCustomerWithAllInOneSheetHashTable<br>Parameters: {state=UP, name=sachin, preferred_locales2=Hindi, preferred_locales1=France, phone=567890, email=sachin.suresh@hotmail.com, line2=Street3, description=This is thru dp3, line1=5-4-60/3}</td>
<td><div><pre>java.lang.AssertionError: Name key is not present in the Json expected [true] but found [false]
	at com.accenture.APITestingFrameWork.testCases.CreateCustomerWithAllInOneSheetHashTable.ValidingCustomerWithValidSecrectkey(CreateCustomerWithAllInOneSheetHashTable.java:39)
	at java.util.concurrent.FutureTask.run(Unknown Source)
	at java.util.concurrent.Executors$RunnableAdapter.call(Unknown Source)
	at java.util.concurrent.FutureTask.run(Unknown Source)
	at java.util.concurrent.ThreadPoolExecutor.runWorker(Unknown Source)
	at java.util.concurrent.ThreadPoolExecutor$Worker.run(Unknown Source)
	at java.lang.Thread.run(Unknown Source)
... Removed 12 stack frames</pre></div><a href='#' onClick='toggleBox("stack-trace1872495150", this, "Click to show all stack frames", "Click to hide stack frames")'>Click to show all stack frames</a>
<div class='stack-trace' id='stack-trace1872495150'><pre>java.lang.AssertionError: Name key is not present in the Json expected [true] but found [false]
	at org.testng.Assert.fail(Assert.java:99)
	at org.testng.Assert.failNotEquals(Assert.java:1037)
	at org.testng.Assert.assertTrue(Assert.java:45)
	at com.accenture.APITestingFrameWork.testCases.CreateCustomerWithAllInOneSheetHashTable.ValidingCustomerWithValidSecrectkey(CreateCustomerWithAllInOneSheetHashTable.java:39)
	at sun.reflect.NativeMethodAccessorImpl.invoke0(Native Method)
	at sun.reflect.NativeMethodAccessorImpl.invoke(Unknown Source)
	at sun.reflect.DelegatingMethodAccessorImpl.invoke(Unknown Source)
	at java.lang.reflect.Method.invoke(Unknown Source)
	at org.testng.internal.MethodInvocationHelper.invokeMethod(MethodInvocationHelper.java:133)
	at org.testng.internal.TestInvoker.invokeMethod(TestInvoker.java:598)
	at org.testng.internal.TestInvoker.invokeTestMethod(TestInvoker.java:173)
	at org.testng.internal.TestMethodWithDataProviderMethodWorker.call(TestMethodWithDataProviderMethodWorker.java:77)
	at org.testng.internal.TestMethodWithDataProviderMethodWorker.call(TestMethodWithDataProviderMethodWorker.java:15)
	at java.util.concurrent.FutureTask.run(Unknown Source)
	at java.util.concurrent.Executors$RunnableAdapter.call(Unknown Source)
	at java.util.concurrent.FutureTask.run(Unknown Source)
	at java.util.concurrent.ThreadPoolExecutor.runWorker(Unknown Source)
	at java.util.concurrent.ThreadPoolExecutor$Worker.run(Unknown Source)
	at java.lang.Thread.run(Unknown Source)
</pre></div></td>
<td>2</td>
<td>com.accenture.APITestingFrameWork.testCases.CreateCustomerWithAllInOneSheetHashTable@428640fa</td></tr>
<tr>
<td title='com.accenture.APITestingFrameWork.testCases.CreateCustomerWithAllInOneSheetHashTable.ValidingCustomerWithValidSecrectkey()'><b>ValidingCustomerWithValidSecrectkey</b><br>Test class: com.accenture.APITestingFrameWork.testCases.CreateCustomerWithAllInOneSheetHashTable<br>Parameters: {state=KA, name=german, preferred_locales2=Brazil, preferred_locales1=Germany, phone=654321, email=german.Lia@gmail.com, line2=Street2, description=This is thru dp2, line1=5-4-60/2}</td>
<td><div><pre>java.lang.AssertionError: Name key is not present in the Json expected [true] but found [false]
	at com.accenture.APITestingFrameWork.testCases.CreateCustomerWithAllInOneSheetHashTable.ValidingCustomerWithValidSecrectkey(CreateCustomerWithAllInOneSheetHashTable.java:39)
	at java.util.concurrent.FutureTask.run(Unknown Source)
	at java.util.concurrent.Executors$RunnableAdapter.call(Unknown Source)
	at java.util.concurrent.FutureTask.run(Unknown Source)
	at java.util.concurrent.ThreadPoolExecutor.runWorker(Unknown Source)
	at java.util.concurrent.ThreadPoolExecutor$Worker.run(Unknown Source)
	at java.lang.Thread.run(Unknown Source)
... Removed 12 stack frames</pre></div><a href='#' onClick='toggleBox("stack-trace1275438754", this, "Click to show all stack frames", "Click to hide stack frames")'>Click to show all stack frames</a>
<div class='stack-trace' id='stack-trace1275438754'><pre>java.lang.AssertionError: Name key is not present in the Json expected [true] but found [false]
	at org.testng.Assert.fail(Assert.java:99)
	at org.testng.Assert.failNotEquals(Assert.java:1037)
	at org.testng.Assert.assertTrue(Assert.java:45)
	at com.accenture.APITestingFrameWork.testCases.CreateCustomerWithAllInOneSheetHashTable.ValidingCustomerWithValidSecrectkey(CreateCustomerWithAllInOneSheetHashTable.java:39)
	at sun.reflect.NativeMethodAccessorImpl.invoke0(Native Method)
	at sun.reflect.NativeMethodAccessorImpl.invoke(Unknown Source)
	at sun.reflect.DelegatingMethodAccessorImpl.invoke(Unknown Source)
	at java.lang.reflect.Method.invoke(Unknown Source)
	at org.testng.internal.MethodInvocationHelper.invokeMethod(MethodInvocationHelper.java:133)
	at org.testng.internal.TestInvoker.invokeMethod(TestInvoker.java:598)
	at org.testng.internal.TestInvoker.invokeTestMethod(TestInvoker.java:173)
	at org.testng.internal.TestMethodWithDataProviderMethodWorker.call(TestMethodWithDataProviderMethodWorker.java:77)
	at org.testng.internal.TestMethodWithDataProviderMethodWorker.call(TestMethodWithDataProviderMethodWorker.java:15)
	at java.util.concurrent.FutureTask.run(Unknown Source)
	at java.util.concurrent.Executors$RunnableAdapter.call(Unknown Source)
	at java.util.concurrent.FutureTask.run(Unknown Source)
	at java.util.concurrent.ThreadPoolExecutor.runWorker(Unknown Source)
	at java.util.concurrent.ThreadPoolExecutor$Worker.run(Unknown Source)
	at java.lang.Thread.run(Unknown Source)
</pre></div></td>
<td>2</td>
<td>com.accenture.APITestingFrameWork.testCases.CreateCustomerWithAllInOneSheetHashTable@428640fa</td></tr>
<tr>
<td title='com.accenture.APITestingFrameWork.testCases.CreateCustomerWithAllInOneSheetHashTable.inValidingCustomerWithValidSecrectkey()'><b>inValidingCustomerWithValidSecrectkey</b><br>Test class: com.accenture.APITestingFrameWork.testCases.CreateCustomerWithAllInOneSheetHashTable<br>Parameters: {state=MA, name=Lia, preferred_locales2=Spanish, preferred_locales1=Englisth, phone=123456, email=Oli.Volg@gmail.com, line2=Street1, description=This is thru dp1, line1=5-4-60/1}</td>
<td><div><pre>java.lang.AssertionError: Name key is not present in the Json expected [true] but found [false]
	at com.accenture.APITestingFrameWork.testCases.CreateCustomerWithAllInOneSheetHashTable.inValidingCustomerWithValidSecrectkey(CreateCustomerWithAllInOneSheetHashTable.java:63)
	at java.util.concurrent.FutureTask.run(Unknown Source)
	at java.util.concurrent.Executors$RunnableAdapter.call(Unknown Source)
	at java.util.concurrent.FutureTask.run(Unknown Source)
	at java.util.concurrent.ThreadPoolExecutor.runWorker(Unknown Source)
	at java.util.concurrent.ThreadPoolExecutor$Worker.run(Unknown Source)
	at java.lang.Thread.run(Unknown Source)
... Removed 12 stack frames</pre></div><a href='#' onClick='toggleBox("stack-trace60915736", this, "Click to show all stack frames", "Click to hide stack frames")'>Click to show all stack frames</a>
<div class='stack-trace' id='stack-trace60915736'><pre>java.lang.AssertionError: Name key is not present in the Json expected [true] but found [false]
	at org.testng.Assert.fail(Assert.java:99)
	at org.testng.Assert.failNotEquals(Assert.java:1037)
	at org.testng.Assert.assertTrue(Assert.java:45)
	at com.accenture.APITestingFrameWork.testCases.CreateCustomerWithAllInOneSheetHashTable.inValidingCustomerWithValidSecrectkey(CreateCustomerWithAllInOneSheetHashTable.java:63)
	at sun.reflect.NativeMethodAccessorImpl.invoke0(Native Method)
	at sun.reflect.NativeMethodAccessorImpl.invoke(Unknown Source)
	at sun.reflect.DelegatingMethodAccessorImpl.invoke(Unknown Source)
	at java.lang.reflect.Method.invoke(Unknown Source)
	at org.testng.internal.MethodInvocationHelper.invokeMethod(MethodInvocationHelper.java:133)
	at org.testng.internal.TestInvoker.invokeMethod(TestInvoker.java:598)
	at org.testng.internal.TestInvoker.invokeTestMethod(TestInvoker.java:173)
	at org.testng.internal.TestMethodWithDataProviderMethodWorker.call(TestMethodWithDataProviderMethodWorker.java:77)
	at org.testng.internal.TestMethodWithDataProviderMethodWorker.call(TestMethodWithDataProviderMethodWorker.java:15)
	at java.util.concurrent.FutureTask.run(Unknown Source)
	at java.util.concurrent.Executors$RunnableAdapter.call(Unknown Source)
	at java.util.concurrent.FutureTask.run(Unknown Source)
	at java.util.concurrent.ThreadPoolExecutor.runWorker(Unknown Source)
	at java.util.concurrent.ThreadPoolExecutor$Worker.run(Unknown Source)
	at java.lang.Thread.run(Unknown Source)
</pre></div></td>
<td>1</td>
<td>com.accenture.APITestingFrameWork.testCases.CreateCustomerWithAllInOneSheetHashTable@428640fa</td></tr>
<tr>
<td title='com.accenture.APITestingFrameWork.testCases.CreateCustomerWithAllInOneSheetHashTable.inValidingCustomerWithValidSecrectkey()'><b>inValidingCustomerWithValidSecrectkey</b><br>Test class: com.accenture.APITestingFrameWork.testCases.CreateCustomerWithAllInOneSheetHashTable<br>Parameters: {state=UP, name=sachin, preferred_locales2=Hindi, preferred_locales1=France, phone=567890, email=Tobias.wall@hotmail.com, line2=Street3, description=This is thru dp3, line1=5-4-60/3}</td>
<td><div><pre>java.lang.AssertionError: Name key is not present in the Json expected [true] but found [false]
	at com.accenture.APITestingFrameWork.testCases.CreateCustomerWithAllInOneSheetHashTable.inValidingCustomerWithValidSecrectkey(CreateCustomerWithAllInOneSheetHashTable.java:63)
	at java.util.concurrent.FutureTask.run(Unknown Source)
	at java.util.concurrent.Executors$RunnableAdapter.call(Unknown Source)
	at java.util.concurrent.FutureTask.run(Unknown Source)
	at java.util.concurrent.ThreadPoolExecutor.runWorker(Unknown Source)
	at java.util.concurrent.ThreadPoolExecutor$Worker.run(Unknown Source)
	at java.lang.Thread.run(Unknown Source)
... Removed 12 stack frames</pre></div><a href='#' onClick='toggleBox("stack-trace1548129627", this, "Click to show all stack frames", "Click to hide stack frames")'>Click to show all stack frames</a>
<div class='stack-trace' id='stack-trace1548129627'><pre>java.lang.AssertionError: Name key is not present in the Json expected [true] but found [false]
	at org.testng.Assert.fail(Assert.java:99)
	at org.testng.Assert.failNotEquals(Assert.java:1037)
	at org.testng.Assert.assertTrue(Assert.java:45)
	at com.accenture.APITestingFrameWork.testCases.CreateCustomerWithAllInOneSheetHashTable.inValidingCustomerWithValidSecrectkey(CreateCustomerWithAllInOneSheetHashTable.java:63)
	at sun.reflect.NativeMethodAccessorImpl.invoke0(Native Method)
	at sun.reflect.NativeMethodAccessorImpl.invoke(Unknown Source)
	at sun.reflect.DelegatingMethodAccessorImpl.invoke(Unknown Source)
	at java.lang.reflect.Method.invoke(Unknown Source)
	at org.testng.internal.MethodInvocationHelper.invokeMethod(MethodInvocationHelper.java:133)
	at org.testng.internal.TestInvoker.invokeMethod(TestInvoker.java:598)
	at org.testng.internal.TestInvoker.invokeTestMethod(TestInvoker.java:173)
	at org.testng.internal.TestMethodWithDataProviderMethodWorker.call(TestMethodWithDataProviderMethodWorker.java:77)
	at org.testng.internal.TestMethodWithDataProviderMethodWorker.call(TestMethodWithDataProviderMethodWorker.java:15)
	at java.util.concurrent.FutureTask.run(Unknown Source)
	at java.util.concurrent.Executors$RunnableAdapter.call(Unknown Source)
	at java.util.concurrent.FutureTask.run(Unknown Source)
	at java.util.concurrent.ThreadPoolExecutor.runWorker(Unknown Source)
	at java.util.concurrent.ThreadPoolExecutor$Worker.run(Unknown Source)
	at java.lang.Thread.run(Unknown Source)
</pre></div></td>
<td>1</td>
<td>com.accenture.APITestingFrameWork.testCases.CreateCustomerWithAllInOneSheetHashTable@428640fa</td></tr>
</table><p>
</body>
</html>