<html>
<head>
<title>TestNG:  Regressioin</title>
<link href="../testng.css" rel="stylesheet" type="text/css" />
<link href="../my-testng.css" rel="stylesheet" type="text/css" />

<style type="text/css">
.log { display: none;} 
.stack-trace { display: none;} 
</style>
<script type="text/javascript">
<!--
function flip(e) {
  current = e.style.display;
  if (current == 'block') {
    e.style.display = 'none';
    return 0;
  }
  else {
    e.style.display = 'block';
    return 1;
  }
}

function toggleBox(szDivId, elem, msg1, msg2)
{
  var res = -1;  if (document.getElementById) {
    res = flip(document.getElementById(szDivId));
  }
  else if (document.all) {
    // this is the way old msie versions work
    res = flip(document.all[szDivId]);
  }
  if(elem) {
    if(res == 0) elem.innerHTML = msg1; else elem.innerHTML = msg2;
  }

}

function toggleAllBoxes() {
  if (document.getElementsByTagName) {
    d = document.getElementsByTagName('div');
    for (i = 0; i < d.length; i++) {
      if (d[i].className == 'log') {
        flip(d[i]);
      }
    }
  }
}

// -->
</script>

</head>
<body>
<h2 align='center'>Regressioin</h2><table border='1' align="center">
<tr>
<td>Tests passed/Failed/Skipped:</td><td>11/7/0</td>
</tr><tr>
<td>Started on:</td><td>Thu Sep 23 17:20:11 IST 2021</td>
</tr>
<tr><td>Total time:</td><td>4 seconds (4555 ms)</td>
</tr><tr>
<td>Included groups:</td><td></td>
</tr><tr>
<td>Excluded groups:</td><td></td>
</tr>
</table><p/>
<small><i>(Hover the method name to see the test class name)</i></small><p/>
<table width='100%' border='1' class='invocation-failed'>
<tr><td colspan='4' align='center'><b>FAILED TESTS</b></td></tr>
<tr><td><b>Test method</b></td>
<td width="30%"><b>Exception</b></td>
<td width="10%"><b>Time (seconds)</b></td>
<td><b>Instance</b></td>
</tr>
<tr>
<td title='com.accenture.APITestingFrameWork.testCases.CreateCustomerWithAllInOneSheetHashTableTest.inValidingCustomerWithValidSecrectkey()'><b>inValidingCustomerWithValidSecrectkey</b><br>Test class: com.accenture.APITestingFrameWork.testCases.CreateCustomerWithAllInOneSheetHashTableTest<br>Parameters: {state=MA, name=Lia, preferred_locales2=Spanish, preferred_locales1=Englisth, phone=123456, email=Oli.Volg@gmail.com, line2=Street1, description=This is thru dp1, line1=5-4-60/1}</td>
<td><div><pre>java.lang.AssertionError: id key is not present in the Json expected [true] but found [false]
	at com.accenture.APITestingFrameWork.testCases.CreateCustomerWithAllInOneSheetHashTableTest.inValidingCustomerWithValidSecrectkey(CreateCustomerWithAllInOneSheetHashTableTest.java:73)
	at java.util.concurrent.FutureTask.run(FutureTask.java:266)
	at java.util.concurrent.Executors$RunnableAdapter.call(Executors.java:511)
	at java.util.concurrent.FutureTask.run(FutureTask.java:266)
	at java.util.concurrent.ThreadPoolExecutor.runWorker(ThreadPoolExecutor.java:1149)
	at java.util.concurrent.ThreadPoolExecutor$Worker.run(ThreadPoolExecutor.java:624)
	at java.lang.Thread.run(Thread.java:748)
... Removed 12 stack frames</pre></div><a href='#' onClick='toggleBox("stack-trace1028871399", this, "Click to show all stack frames", "Click to hide stack frames")'>Click to show all stack frames</a>
<div class='stack-trace' id='stack-trace1028871399'><pre>java.lang.AssertionError: id key is not present in the Json expected [true] but found [false]
	at org.testng.Assert.fail(Assert.java:99)
	at org.testng.Assert.failNotEquals(Assert.java:1037)
	at org.testng.Assert.assertTrue(Assert.java:45)
	at com.accenture.APITestingFrameWork.testCases.CreateCustomerWithAllInOneSheetHashTableTest.inValidingCustomerWithValidSecrectkey(CreateCustomerWithAllInOneSheetHashTableTest.java:73)
	at sun.reflect.NativeMethodAccessorImpl.invoke0(Native Method)
	at sun.reflect.NativeMethodAccessorImpl.invoke(NativeMethodAccessorImpl.java:62)
	at sun.reflect.DelegatingMethodAccessorImpl.invoke(DelegatingMethodAccessorImpl.java:43)
	at java.lang.reflect.Method.invoke(Method.java:498)
	at org.testng.internal.MethodInvocationHelper.invokeMethod(MethodInvocationHelper.java:133)
	at org.testng.internal.TestInvoker.invokeMethod(TestInvoker.java:598)
	at org.testng.internal.TestInvoker.invokeTestMethod(TestInvoker.java:173)
	at org.testng.internal.TestMethodWithDataProviderMethodWorker.call(TestMethodWithDataProviderMethodWorker.java:77)
	at org.testng.internal.TestMethodWithDataProviderMethodWorker.call(TestMethodWithDataProviderMethodWorker.java:15)
	at java.util.concurrent.FutureTask.run(FutureTask.java:266)
	at java.util.concurrent.Executors$RunnableAdapter.call(Executors.java:511)
	at java.util.concurrent.FutureTask.run(FutureTask.java:266)
	at java.util.concurrent.ThreadPoolExecutor.runWorker(ThreadPoolExecutor.java:1149)
	at java.util.concurrent.ThreadPoolExecutor$Worker.run(ThreadPoolExecutor.java:624)
	at java.lang.Thread.run(Thread.java:748)
</pre></div></td>
<td>2</td>
<td>com.accenture.APITestingFrameWork.testCases.CreateCustomerWithAllInOneSheetHashTableTest@14555e0a</td></tr>
<tr>
<td title='com.accenture.APITestingFrameWork.testCases.DeleteCustomerTest.deleteCustomer()'><b>deleteCustomer</b><br>Test class: com.accenture.APITestingFrameWork.testCases.DeleteCustomerTest<br>Parameters: {id=cus_KGj3HRyHuuBwG3}</td>
<td><div><pre>java.lang.AssertionError: ID key is not present in the Json expected [true] but found [false]
	at com.accenture.APITestingFrameWork.testCases.DeleteCustomerTest.deleteCustomer(DeleteCustomerTest.java:41)
	at java.util.concurrent.FutureTask.run(FutureTask.java:266)
	at java.util.concurrent.Executors$RunnableAdapter.call(Executors.java:511)
	at java.util.concurrent.FutureTask.run(FutureTask.java:266)
	at java.util.concurrent.ThreadPoolExecutor.runWorker(ThreadPoolExecutor.java:1149)
	at java.util.concurrent.ThreadPoolExecutor$Worker.run(ThreadPoolExecutor.java:624)
	at java.lang.Thread.run(Thread.java:748)
... Removed 12 stack frames</pre></div><a href='#' onClick='toggleBox("stack-trace66230694", this, "Click to show all stack frames", "Click to hide stack frames")'>Click to show all stack frames</a>
<div class='stack-trace' id='stack-trace66230694'><pre>java.lang.AssertionError: ID key is not present in the Json expected [true] but found [false]
	at org.testng.Assert.fail(Assert.java:99)
	at org.testng.Assert.failNotEquals(Assert.java:1037)
	at org.testng.Assert.assertTrue(Assert.java:45)
	at com.accenture.APITestingFrameWork.testCases.DeleteCustomerTest.deleteCustomer(DeleteCustomerTest.java:41)
	at sun.reflect.NativeMethodAccessorImpl.invoke0(Native Method)
	at sun.reflect.NativeMethodAccessorImpl.invoke(NativeMethodAccessorImpl.java:62)
	at sun.reflect.DelegatingMethodAccessorImpl.invoke(DelegatingMethodAccessorImpl.java:43)
	at java.lang.reflect.Method.invoke(Method.java:498)
	at org.testng.internal.MethodInvocationHelper.invokeMethod(MethodInvocationHelper.java:133)
	at org.testng.internal.TestInvoker.invokeMethod(TestInvoker.java:598)
	at org.testng.internal.TestInvoker.invokeTestMethod(TestInvoker.java:173)
	at org.testng.internal.TestMethodWithDataProviderMethodWorker.call(TestMethodWithDataProviderMethodWorker.java:77)
	at org.testng.internal.TestMethodWithDataProviderMethodWorker.call(TestMethodWithDataProviderMethodWorker.java:15)
	at java.util.concurrent.FutureTask.run(FutureTask.java:266)
	at java.util.concurrent.Executors$RunnableAdapter.call(Executors.java:511)
	at java.util.concurrent.FutureTask.run(FutureTask.java:266)
	at java.util.concurrent.ThreadPoolExecutor.runWorker(ThreadPoolExecutor.java:1149)
	at java.util.concurrent.ThreadPoolExecutor$Worker.run(ThreadPoolExecutor.java:624)
	at java.lang.Thread.run(Thread.java:748)
</pre></div></td>
<td>2</td>
<td>com.accenture.APITestingFrameWork.testCases.DeleteCustomerTest@4d5b6aac</td></tr>
<tr>
<td title='com.accenture.APITestingFrameWork.testCases.CreateCustomerWithAllInOneSheetHashTableTest.inValidingCustomerWithValidSecrectkey()'><b>inValidingCustomerWithValidSecrectkey</b><br>Test class: com.accenture.APITestingFrameWork.testCases.CreateCustomerWithAllInOneSheetHashTableTest<br>Parameters: {state=UP, name=sachin, preferred_locales2=Hindi, preferred_locales1=France, phone=567890, email=Tobias.wall@hotmail.com, line2=Street3, description=This is thru dp3, line1=5-4-60/3}</td>
<td><div><pre>java.lang.AssertionError: id key is not present in the Json expected [true] but found [false]
	at com.accenture.APITestingFrameWork.testCases.CreateCustomerWithAllInOneSheetHashTableTest.inValidingCustomerWithValidSecrectkey(CreateCustomerWithAllInOneSheetHashTableTest.java:73)
	at java.util.concurrent.FutureTask.run(FutureTask.java:266)
	at java.util.concurrent.Executors$RunnableAdapter.call(Executors.java:511)
	at java.util.concurrent.FutureTask.run(FutureTask.java:266)
	at java.util.concurrent.ThreadPoolExecutor.runWorker(ThreadPoolExecutor.java:1149)
	at java.util.concurrent.ThreadPoolExecutor$Worker.run(ThreadPoolExecutor.java:624)
	at java.lang.Thread.run(Thread.java:748)
... Removed 12 stack frames</pre></div><a href='#' onClick='toggleBox("stack-trace657908979", this, "Click to show all stack frames", "Click to hide stack frames")'>Click to show all stack frames</a>
<div class='stack-trace' id='stack-trace657908979'><pre>java.lang.AssertionError: id key is not present in the Json expected [true] but found [false]
	at org.testng.Assert.fail(Assert.java:99)
	at org.testng.Assert.failNotEquals(Assert.java:1037)
	at org.testng.Assert.assertTrue(Assert.java:45)
	at com.accenture.APITestingFrameWork.testCases.CreateCustomerWithAllInOneSheetHashTableTest.inValidingCustomerWithValidSecrectkey(CreateCustomerWithAllInOneSheetHashTableTest.java:73)
	at sun.reflect.NativeMethodAccessorImpl.invoke0(Native Method)
	at sun.reflect.NativeMethodAccessorImpl.invoke(NativeMethodAccessorImpl.java:62)
	at sun.reflect.DelegatingMethodAccessorImpl.invoke(DelegatingMethodAccessorImpl.java:43)
	at java.lang.reflect.Method.invoke(Method.java:498)
	at org.testng.internal.MethodInvocationHelper.invokeMethod(MethodInvocationHelper.java:133)
	at org.testng.internal.TestInvoker.invokeMethod(TestInvoker.java:598)
	at org.testng.internal.TestInvoker.invokeTestMethod(TestInvoker.java:173)
	at org.testng.internal.TestMethodWithDataProviderMethodWorker.call(TestMethodWithDataProviderMethodWorker.java:77)
	at org.testng.internal.TestMethodWithDataProviderMethodWorker.call(TestMethodWithDataProviderMethodWorker.java:15)
	at java.util.concurrent.FutureTask.run(FutureTask.java:266)
	at java.util.concurrent.Executors$RunnableAdapter.call(Executors.java:511)
	at java.util.concurrent.FutureTask.run(FutureTask.java:266)
	at java.util.concurrent.ThreadPoolExecutor.runWorker(ThreadPoolExecutor.java:1149)
	at java.util.concurrent.ThreadPoolExecutor$Worker.run(ThreadPoolExecutor.java:624)
	at java.lang.Thread.run(Thread.java:748)
</pre></div></td>
<td>2</td>
<td>com.accenture.APITestingFrameWork.testCases.CreateCustomerWithAllInOneSheetHashTableTest@14555e0a</td></tr>
<tr>
<td title='com.accenture.APITestingFrameWork.testCases.DeleteCustomerTest.deleteCustomer()'><b>deleteCustomer</b><br>Test class: com.accenture.APITestingFrameWork.testCases.DeleteCustomerTest<br>Parameters: {id=cus_KGjBNg4DytwUUn}</td>
<td><div><pre>java.lang.AssertionError: ID key is not present in the Json expected [true] but found [false]
	at com.accenture.APITestingFrameWork.testCases.DeleteCustomerTest.deleteCustomer(DeleteCustomerTest.java:41)
	at java.util.concurrent.FutureTask.run(FutureTask.java:266)
	at java.util.concurrent.Executors$RunnableAdapter.call(Executors.java:511)
	at java.util.concurrent.FutureTask.run(FutureTask.java:266)
	at java.util.concurrent.ThreadPoolExecutor.runWorker(ThreadPoolExecutor.java:1149)
	at java.util.concurrent.ThreadPoolExecutor$Worker.run(ThreadPoolExecutor.java:624)
	at java.lang.Thread.run(Thread.java:748)
... Removed 12 stack frames</pre></div><a href='#' onClick='toggleBox("stack-trace465402760", this, "Click to show all stack frames", "Click to hide stack frames")'>Click to show all stack frames</a>
<div class='stack-trace' id='stack-trace465402760'><pre>java.lang.AssertionError: ID key is not present in the Json expected [true] but found [false]
	at org.testng.Assert.fail(Assert.java:99)
	at org.testng.Assert.failNotEquals(Assert.java:1037)
	at org.testng.Assert.assertTrue(Assert.java:45)
	at com.accenture.APITestingFrameWork.testCases.DeleteCustomerTest.deleteCustomer(DeleteCustomerTest.java:41)
	at sun.reflect.NativeMethodAccessorImpl.invoke0(Native Method)
	at sun.reflect.NativeMethodAccessorImpl.invoke(NativeMethodAccessorImpl.java:62)
	at sun.reflect.DelegatingMethodAccessorImpl.invoke(DelegatingMethodAccessorImpl.java:43)
	at java.lang.reflect.Method.invoke(Method.java:498)
	at org.testng.internal.MethodInvocationHelper.invokeMethod(MethodInvocationHelper.java:133)
	at org.testng.internal.TestInvoker.invokeMethod(TestInvoker.java:598)
	at org.testng.internal.TestInvoker.invokeTestMethod(TestInvoker.java:173)
	at org.testng.internal.TestMethodWithDataProviderMethodWorker.call(TestMethodWithDataProviderMethodWorker.java:77)
	at org.testng.internal.TestMethodWithDataProviderMethodWorker.call(TestMethodWithDataProviderMethodWorker.java:15)
	at java.util.concurrent.FutureTask.run(FutureTask.java:266)
	at java.util.concurrent.Executors$RunnableAdapter.call(Executors.java:511)
	at java.util.concurrent.FutureTask.run(FutureTask.java:266)
	at java.util.concurrent.ThreadPoolExecutor.runWorker(ThreadPoolExecutor.java:1149)
	at java.util.concurrent.ThreadPoolExecutor$Worker.run(ThreadPoolExecutor.java:624)
	at java.lang.Thread.run(Thread.java:748)
</pre></div></td>
<td>2</td>
<td>com.accenture.APITestingFrameWork.testCases.DeleteCustomerTest@4d5b6aac</td></tr>
<tr>
<td title='com.accenture.APITestingFrameWork.testCases.DeleteCustomerTest.deleteCustomer()'><b>deleteCustomer</b><br>Test class: com.accenture.APITestingFrameWork.testCases.DeleteCustomerTest<br>Parameters: {id=cus_KGixr3bEjuu2JZ}</td>
<td><div><pre>java.lang.AssertionError: ID key is not present in the Json expected [true] but found [false]
	at com.accenture.APITestingFrameWork.testCases.DeleteCustomerTest.deleteCustomer(DeleteCustomerTest.java:41)
	at java.util.concurrent.FutureTask.run(FutureTask.java:266)
	at java.util.concurrent.Executors$RunnableAdapter.call(Executors.java:511)
	at java.util.concurrent.FutureTask.run(FutureTask.java:266)
	at java.util.concurrent.ThreadPoolExecutor.runWorker(ThreadPoolExecutor.java:1149)
	at java.util.concurrent.ThreadPoolExecutor$Worker.run(ThreadPoolExecutor.java:624)
	at java.lang.Thread.run(Thread.java:748)
... Removed 12 stack frames</pre></div><a href='#' onClick='toggleBox("stack-trace2046087971", this, "Click to show all stack frames", "Click to hide stack frames")'>Click to show all stack frames</a>
<div class='stack-trace' id='stack-trace2046087971'><pre>java.lang.AssertionError: ID key is not present in the Json expected [true] but found [false]
	at org.testng.Assert.fail(Assert.java:99)
	at org.testng.Assert.failNotEquals(Assert.java:1037)
	at org.testng.Assert.assertTrue(Assert.java:45)
	at com.accenture.APITestingFrameWork.testCases.DeleteCustomerTest.deleteCustomer(DeleteCustomerTest.java:41)
	at sun.reflect.NativeMethodAccessorImpl.invoke0(Native Method)
	at sun.reflect.NativeMethodAccessorImpl.invoke(NativeMethodAccessorImpl.java:62)
	at sun.reflect.DelegatingMethodAccessorImpl.invoke(DelegatingMethodAccessorImpl.java:43)
	at java.lang.reflect.Method.invoke(Method.java:498)
	at org.testng.internal.MethodInvocationHelper.invokeMethod(MethodInvocationHelper.java:133)
	at org.testng.internal.TestInvoker.invokeMethod(TestInvoker.java:598)
	at org.testng.internal.TestInvoker.invokeTestMethod(TestInvoker.java:173)
	at org.testng.internal.TestMethodWithDataProviderMethodWorker.call(TestMethodWithDataProviderMethodWorker.java:77)
	at org.testng.internal.TestMethodWithDataProviderMethodWorker.call(TestMethodWithDataProviderMethodWorker.java:15)
	at java.util.concurrent.FutureTask.run(FutureTask.java:266)
	at java.util.concurrent.Executors$RunnableAdapter.call(Executors.java:511)
	at java.util.concurrent.FutureTask.run(FutureTask.java:266)
	at java.util.concurrent.ThreadPoolExecutor.runWorker(ThreadPoolExecutor.java:1149)
	at java.util.concurrent.ThreadPoolExecutor$Worker.run(ThreadPoolExecutor.java:624)
	at java.lang.Thread.run(Thread.java:748)
</pre></div></td>
<td>2</td>
<td>com.accenture.APITestingFrameWork.testCases.DeleteCustomerTest@4d5b6aac</td></tr>
<tr>
<td title='com.accenture.APITestingFrameWork.testCases.DeleteCustomerTest.deleteCustomer()'><b>deleteCustomer</b><br>Test class: com.accenture.APITestingFrameWork.testCases.DeleteCustomerTest<br>Parameters: {id=cus_KGj3INOx03VAkY}</td>
<td><div><pre>java.lang.AssertionError: ID key is not present in the Json expected [true] but found [false]
	at com.accenture.APITestingFrameWork.testCases.DeleteCustomerTest.deleteCustomer(DeleteCustomerTest.java:41)
	at java.util.concurrent.FutureTask.run(FutureTask.java:266)
	at java.util.concurrent.Executors$RunnableAdapter.call(Executors.java:511)
	at java.util.concurrent.FutureTask.run(FutureTask.java:266)
	at java.util.concurrent.ThreadPoolExecutor.runWorker(ThreadPoolExecutor.java:1149)
	at java.util.concurrent.ThreadPoolExecutor$Worker.run(ThreadPoolExecutor.java:624)
	at java.lang.Thread.run(Thread.java:748)
... Removed 12 stack frames</pre></div><a href='#' onClick='toggleBox("stack-trace1453890611", this, "Click to show all stack frames", "Click to hide stack frames")'>Click to show all stack frames</a>
<div class='stack-trace' id='stack-trace1453890611'><pre>java.lang.AssertionError: ID key is not present in the Json expected [true] but found [false]
	at org.testng.Assert.fail(Assert.java:99)
	at org.testng.Assert.failNotEquals(Assert.java:1037)
	at org.testng.Assert.assertTrue(Assert.java:45)
	at com.accenture.APITestingFrameWork.testCases.DeleteCustomerTest.deleteCustomer(DeleteCustomerTest.java:41)
	at sun.reflect.NativeMethodAccessorImpl.invoke0(Native Method)
	at sun.reflect.NativeMethodAccessorImpl.invoke(NativeMethodAccessorImpl.java:62)
	at sun.reflect.DelegatingMethodAccessorImpl.invoke(DelegatingMethodAccessorImpl.java:43)
	at java.lang.reflect.Method.invoke(Method.java:498)
	at org.testng.internal.MethodInvocationHelper.invokeMethod(MethodInvocationHelper.java:133)
	at org.testng.internal.TestInvoker.invokeMethod(TestInvoker.java:598)
	at org.testng.internal.TestInvoker.invokeTestMethod(TestInvoker.java:173)
	at org.testng.internal.TestMethodWithDataProviderMethodWorker.call(TestMethodWithDataProviderMethodWorker.java:77)
	at org.testng.internal.TestMethodWithDataProviderMethodWorker.call(TestMethodWithDataProviderMethodWorker.java:15)
	at java.util.concurrent.FutureTask.run(FutureTask.java:266)
	at java.util.concurrent.Executors$RunnableAdapter.call(Executors.java:511)
	at java.util.concurrent.FutureTask.run(FutureTask.java:266)
	at java.util.concurrent.ThreadPoolExecutor.runWorker(ThreadPoolExecutor.java:1149)
	at java.util.concurrent.ThreadPoolExecutor$Worker.run(ThreadPoolExecutor.java:624)
	at java.lang.Thread.run(Thread.java:748)
</pre></div></td>
<td>2</td>
<td>com.accenture.APITestingFrameWork.testCases.DeleteCustomerTest@4d5b6aac</td></tr>
<tr>
<td title='com.accenture.APITestingFrameWork.testCases.DeleteCustomerTest.deleteCustomer()'><b>deleteCustomer</b><br>Test class: com.accenture.APITestingFrameWork.testCases.DeleteCustomerTest<br>Parameters: {id=cus_KGj3PrO5PpRTia}</td>
<td><div><pre>java.lang.AssertionError: ID key is not present in the Json expected [true] but found [false]
	at com.accenture.APITestingFrameWork.testCases.DeleteCustomerTest.deleteCustomer(DeleteCustomerTest.java:41)
	at java.util.concurrent.FutureTask.run(FutureTask.java:266)
	at java.util.concurrent.Executors$RunnableAdapter.call(Executors.java:511)
	at java.util.concurrent.FutureTask.run(FutureTask.java:266)
	at java.util.concurrent.ThreadPoolExecutor.runWorker(ThreadPoolExecutor.java:1149)
	at java.util.concurrent.ThreadPoolExecutor$Worker.run(ThreadPoolExecutor.java:624)
	at java.lang.Thread.run(Thread.java:748)
... Removed 12 stack frames</pre></div><a href='#' onClick='toggleBox("stack-trace1378657762", this, "Click to show all stack frames", "Click to hide stack frames")'>Click to show all stack frames</a>
<div class='stack-trace' id='stack-trace1378657762'><pre>java.lang.AssertionError: ID key is not present in the Json expected [true] but found [false]
	at org.testng.Assert.fail(Assert.java:99)
	at org.testng.Assert.failNotEquals(Assert.java:1037)
	at org.testng.Assert.assertTrue(Assert.java:45)
	at com.accenture.APITestingFrameWork.testCases.DeleteCustomerTest.deleteCustomer(DeleteCustomerTest.java:41)
	at sun.reflect.NativeMethodAccessorImpl.invoke0(Native Method)
	at sun.reflect.NativeMethodAccessorImpl.invoke(NativeMethodAccessorImpl.java:62)
	at sun.reflect.DelegatingMethodAccessorImpl.invoke(DelegatingMethodAccessorImpl.java:43)
	at java.lang.reflect.Method.invoke(Method.java:498)
	at org.testng.internal.MethodInvocationHelper.invokeMethod(MethodInvocationHelper.java:133)
	at org.testng.internal.TestInvoker.invokeMethod(TestInvoker.java:598)
	at org.testng.internal.TestInvoker.invokeTestMethod(TestInvoker.java:173)
	at org.testng.internal.TestMethodWithDataProviderMethodWorker.call(TestMethodWithDataProviderMethodWorker.java:77)
	at org.testng.internal.TestMethodWithDataProviderMethodWorker.call(TestMethodWithDataProviderMethodWorker.java:15)
	at java.util.concurrent.FutureTask.run(FutureTask.java:266)
	at java.util.concurrent.Executors$RunnableAdapter.call(Executors.java:511)
	at java.util.concurrent.FutureTask.run(FutureTask.java:266)
	at java.util.concurrent.ThreadPoolExecutor.runWorker(ThreadPoolExecutor.java:1149)
	at java.util.concurrent.ThreadPoolExecutor$Worker.run(ThreadPoolExecutor.java:624)
	at java.lang.Thread.run(Thread.java:748)
</pre></div></td>
<td>2</td>
<td>com.accenture.APITestingFrameWork.testCases.DeleteCustomerTest@4d5b6aac</td></tr>
</table><p>
<table width='100%' border='1' class='invocation-passed'>
<tr><td colspan='4' align='center'><b>PASSED TESTS</b></td></tr>
<tr><td><b>Test method</b></td>
<td width="30%"><b>Exception</b></td>
<td width="10%"><b>Time (seconds)</b></td>
<td><b>Instance</b></td>
</tr>
<tr>
<td title='com.accenture.APITestingFrameWork.testCases.GetCustomersTest.listSingleCustomer()'><b>listSingleCustomer</b><br>Test class: com.accenture.APITestingFrameWork.testCases.GetCustomersTest<br>Parameters: {id=cus_KGj3PrO5PpRTia}</td>
<td></td>
<td>0</td>
<td>com.accenture.APITestingFrameWork.testCases.GetCustomersTest@10d307f1</td></tr>
<tr>
<td title='com.accenture.APITestingFrameWork.testCases.UpdateCustomerTest.updateSingleCustomer()'><b>updateSingleCustomer</b><br>Test class: com.accenture.APITestingFrameWork.testCases.UpdateCustomerTest<br>Parameters: {state=MA, name=Lia, id=cus_KGEhFx4p2H6FlP, preferred_locales2=Spanish, preferred_locales1=Englisth, phone=123456, email=Lia.german@gmail.com, line2=Street1, description=This is thru dp1, line1=5-4-60/1}</td>
<td></td>
<td>0</td>
<td>com.accenture.APITestingFrameWork.testCases.UpdateCustomerTest@49c7b90e</td></tr>
<tr>
<td title='com.accenture.APITestingFrameWork.testCases.CreateCustomerWithAllInOneSheetHashTableTest.ValidingCustomerWithValidSecrectkey()'><b>ValidingCustomerWithValidSecrectkey</b><br>Test class: com.accenture.APITestingFrameWork.testCases.CreateCustomerWithAllInOneSheetHashTableTest<br>Parameters: {state=MA, name=Lia, preferred_locales2=Spanish, preferred_locales1=Englisth, phone=123456, email=Lia.german@gmail.com, line2=Street1, description=This is thru dp1, line1=5-4-60/1}</td>
<td></td>
<td>1</td>
<td>com.accenture.APITestingFrameWork.testCases.CreateCustomerWithAllInOneSheetHashTableTest@14555e0a</td></tr>
<tr>
<td title='com.accenture.APITestingFrameWork.testCases.GetCustomersTest.listSingleCustomer()'><b>listSingleCustomer</b><br>Test class: com.accenture.APITestingFrameWork.testCases.GetCustomersTest<br>Parameters: {id=cus_KGj3INOx03VAkY}</td>
<td></td>
<td>0</td>
<td>com.accenture.APITestingFrameWork.testCases.GetCustomersTest@10d307f1</td></tr>
<tr>
<td title='com.accenture.APITestingFrameWork.testCases.UpdateCustomerTest.updateSingleCustomer()'><b>updateSingleCustomer</b><br>Test class: com.accenture.APITestingFrameWork.testCases.UpdateCustomerTest<br>Parameters: {state=MA, name=Lia, id=cus_KGEhqju6ro8Uwb, preferred_locales2=Spanish, preferred_locales1=Englisth, phone=123456, email=Lia.german@gmail.com, line2=Street1, description=This is thru dp1, line1=5-4-60/1}</td>
<td></td>
<td>0</td>
<td>com.accenture.APITestingFrameWork.testCases.UpdateCustomerTest@49c7b90e</td></tr>
<tr>
<td title='com.accenture.APITestingFrameWork.testCases.UpdateCustomerTest.updateSingleCustomer()'><b>updateSingleCustomer</b><br>Test class: com.accenture.APITestingFrameWork.testCases.UpdateCustomerTest<br>Parameters: {state=MA, name=Lia, id=cus_KGEhqcFhMCzca7, preferred_locales2=Spanish, preferred_locales1=Englisth, phone=123456, email=Lia.german@gmail.com, line2=Street1, description=This is thru dp1, line1=5-4-60/1}</td>
<td></td>
<td>0</td>
<td>com.accenture.APITestingFrameWork.testCases.UpdateCustomerTest@49c7b90e</td></tr>
<tr>
<td title='com.accenture.APITestingFrameWork.testCases.CreateCustomerWithAllInOneSheetHashTableTest.ValidingCustomerWithValidSecrectkey()'><b>ValidingCustomerWithValidSecrectkey</b><br>Test class: com.accenture.APITestingFrameWork.testCases.CreateCustomerWithAllInOneSheetHashTableTest<br>Parameters: {state=KA, name=german, preferred_locales2=Brazil, preferred_locales1=Germany, phone=654321, email=german.Lia@gmail.com, line2=Street2, description=This is thru dp2, line1=5-4-60/2}</td>
<td></td>
<td>1</td>
<td>com.accenture.APITestingFrameWork.testCases.CreateCustomerWithAllInOneSheetHashTableTest@14555e0a</td></tr>
<tr>
<td title='com.accenture.APITestingFrameWork.testCases.GetCustomersTest.listAllCustomers()'><b>listAllCustomers</b><br>Test class: com.accenture.APITestingFrameWork.testCases.GetCustomersTest</td>
<td></td>
<td>1</td>
<td>com.accenture.APITestingFrameWork.testCases.GetCustomersTest@10d307f1</td></tr>
<tr>
<td title='com.accenture.APITestingFrameWork.testCases.GetCustomersTest.listSingleCustomer()'><b>listSingleCustomer</b><br>Test class: com.accenture.APITestingFrameWork.testCases.GetCustomersTest<br>Parameters: {id=cus_KGj3HRyHuuBwG3}</td>
<td></td>
<td>0</td>
<td>com.accenture.APITestingFrameWork.testCases.GetCustomersTest@10d307f1</td></tr>
<tr>
<td title='com.accenture.APITestingFrameWork.testCases.CreateCustomerWithAllInOneSheetHashTableTest.ValidingCustomerWithValidSecrectkey()'><b>ValidingCustomerWithValidSecrectkey</b><br>Test class: com.accenture.APITestingFrameWork.testCases.CreateCustomerWithAllInOneSheetHashTableTest<br>Parameters: {state=UP, name=sachin, preferred_locales2=Hindi, preferred_locales1=France, phone=567890, email=sachin.suresh@hotmail.com, line2=Street3, description=This is thru dp3, line1=5-4-60/3}</td>
<td></td>
<td>1</td>
<td>com.accenture.APITestingFrameWork.testCases.CreateCustomerWithAllInOneSheetHashTableTest@14555e0a</td></tr>
<tr>
<td title='com.accenture.APITestingFrameWork.testCases.GetCustomersTest.listSingleCustomer()'><b>listSingleCustomer</b><br>Test class: com.accenture.APITestingFrameWork.testCases.GetCustomersTest<br>Parameters: {id=cus_KGjBNg4DytwUUn}</td>
<td></td>
<td>0</td>
<td>com.accenture.APITestingFrameWork.testCases.GetCustomersTest@10d307f1</td></tr>
</table><p>
</body>
</html>